<?xml version="1.0" encoding="UTF-8"?>
<!-- Generated by org.testng.reporters.JUnitXMLReporter -->
<testsuite hostname="DESKTOP-O06THGR" ignored="0" name="Command line test" tests="3" failures="0" timestamp="19 Jul 2017 13:18:40 GMT" time="0.097" errors="0">
  <testcase name="m1" time="0.001" classname="maven_demo_project.NewTest"/>
  <testcase name="m2" time="0.0" classname="maven_demo_project.NewTest"/>
  <testcase name="m3" time="0.0" classname="maven_demo_project.NewTest"/>
</testsuite> <!-- Command line test -->
