<?xml version="1.0" encoding="UTF-8"?>
<!-- Generated by org.testng.reporters.JUnitXMLReporter -->
<testsuite hostname="DESKTOP-O06THGR" ignored="0" name="crossbrowsertest" tests="1" failures="1" timestamp="19 Jul 2017 15:04:19 GMT" time="0.042" errors="0">
  <testcase name="crossbrowsertest" time="0.007" classname="maven_demo_project.CrossBrowserTesting">
    <failure type="java.lang.NullPointerException">
      <![CDATA[java.lang.NullPointerException
	at maven_demo_project.CrossBrowserTesting.crossbrowsertest(CrossBrowserTesting.java:30)
	at java.util.concurrent.FutureTask.run(FutureTask.java:266)
	at java.util.concurrent.ThreadPoolExecutor.runWorker(ThreadPoolExecutor.java:1142)
	at java.util.concurrent.ThreadPoolExecutor$Worker.run(ThreadPoolExecutor.java:617)
	at java.lang.Thread.run(Thread.java:745)
... Removed 16 stack frames]]>
    </failure>
  </testcase> <!-- crossbrowsertest -->
</testsuite> <!-- crossbrowsertest -->
