<?xml version="1.0" encoding="UTF-8"?>
<!-- Generated by org.testng.reporters.JUnitXMLReporter -->
<testsuite hostname="DESKTOP-O06THGR" name="FirefoxTest" tests="1" failures="0" timestamp="14 Jun 2017 17:11:18 GMT" time="46.931" errors="0">
  <testcase name="@BeforeClass crossbrowsertest" time="0.0" classname="maven_demo_project.CrossBrowserTesting">
    <failure type="org.openqa.selenium.WebDriverException" message="Failed to connect to binary FirefoxBinary(C:\Program Files (x86)\Mozilla Firefox\firefox.exe) on port 7055; process output follows: 
·¯çš„é˜²è­·ã€‚&amp;quot;,&amp;quot;creator&amp;quot;:null,&amp;quot;homepageURL&amp;quot;:null},{&amp;quot;locales&amp;quot;:[&amp;quot;zh_CN&amp;quot;],&amp;quot;name&amp;quot;:&amp;quot;å�¡å·´æ–¯åŸºä¿�æŠ¤&amp;quot;,&amp;quot;description&amp;quot;:&amp;quot;ä½¿ç”¨ Kaspersky Lab çš„æ‰©å±•åŠŸèƒ½å¯¹æ‚¨çš„äº’è�”ç½‘çš„ä¿�æŠ¤ã€‚&amp;quot;,&amp;quot;creator&amp;quot;:null,&amp;quot;homepageURL&amp;quot;:null},{&amp;quot;locales&amp;quot;:[&amp;quot;zh_HK&amp;quot;],&amp;quot;name&amp;quot;:&amp;quot;å�¡å·´æ–¯åŸºé˜²è­·&amp;quot;,&amp;quot;description&amp;quot;:&amp;quot;ä½¿ç”¨ Kaspersky Lab çš„å»¶ä¼¸åŠŸèƒ½å°�æ‚¨çš„ç¶²éš›ç¶²è·¯çš„é˜²è­·ã€‚&amp;quot;,&amp;quot;creator&amp;quot;:null,&amp;quot;homepageURL&amp;quot;:null},{&amp;quot;locales&amp;quot;:[&amp;quot;zh_TW&amp;quot;],&amp;quot;name&amp;quot;:&amp;quot;å�¡å·´æ–¯åŸºé˜²è­·&amp;quot;,&amp;quot;description&amp;quot;:&amp;quot;ä½¿ç”¨ Kaspersky Lab çš„å»¶ä¼¸åŠŸèƒ½å°�æ‚¨çš„ç¶²éš›ç¶²è·¯çš„é˜²è­·ã€‚&amp;quot;,&amp;quot;creator&amp;quot;:null,&amp;quot;homepageURL&amp;quot;:null}],&amp;quot;targetApplications&amp;quot;:[{&amp;quot;id&amp;quot;:&amp;quot;{ec8030f7-c20a-464f-9b0e-13a3a9e97384}&amp;quot;,&amp;quot;minVersion&amp;quot;:&amp;quot;38.0a1&amp;quot;,&amp;quot;maxVersion&amp;quot;:&amp;quot;43.0&amp;quot;}],&amp;quot;targetPlatforms&amp;quot;:[],&amp;quot;multiprocessCompatible&amp;quot;:false,&amp;quot;signedState&amp;quot;:2,&amp;quot;seen&amp;quot;:true,&amp;quot;dependencies&amp;quot;:[],&amp;quot;hasEmbeddedWebExtension&amp;quot;:false,&amp;quot;mpcOptedOut&amp;quot;:false,&amp;quot;userPermissions&amp;quot;:null}
1497460246088	DeferredSave.extensions.json	DEBUG	Save changes
1497460246088	addons.xpi	DEBUG	Updating database with changes to installed add-ons
1497460246088	addons.xpi-utils	DEBUG	Updating add-on states
1497460246090	addons.xpi-utils	DEBUG	Writing add-ons list
1497460246095	addons.xpi	DEBUG	Registering manifest for C:\Program Files (x86)\Mozilla Firefox\browser\features\aushelper@mozilla.org.xpi
1497460246096	addons.xpi	DEBUG	Calling bootstrap method startup on aushelper@mozilla.org version 2.0
1497460246097	addons.xpi	DEBUG	Registering manifest for C:\Program Files (x86)\Mozilla Firefox\browser\features\e10srollout@mozilla.org.xpi
1497460246099	addons.xpi	DEBUG	Calling bootstrap method startup on e10srollout@mozilla.org version 1.14
1497460246100	addons.xpi	DEBUG	Registering manifest for C:\Program Files (x86)\Mozilla Firefox\browser\features\firefox@getpocket.com.xpi
1497460246101	addons.xpi	DEBUG	Calling bootstrap method startup on firefox@getpocket.com version 1.0.5
1497460246103	addons.xpi	DEBUG	Registering manifest for C:\Program Files (x86)\Mozilla Firefox\browser\features\webcompat@mozilla.org.xpi
1497460246104	addons.xpi	DEBUG	Calling bootstrap method startup on webcompat@mozilla.org version 1.0
1497460246108	addons.manager	DEBUG	Registering shutdown blocker for XPIProvider
1497460246108	addons.manager	DEBUG	Provider finished startup: XPIProvider
1497460246108	addons.manager	DEBUG	Starting provider: LightweightThemeManager
1497460246108	addons.manager	DEBUG	Registering shutdown blocker for LightweightThemeManager
1497460246108	addons.manager	DEBUG	Provider finished startup: LightweightThemeManager
1497460246109	addons.manager	DEBUG	Starting provider: GMPProvider
1497460246223	addons.manager	DEBUG	Registering shutdown blocker for GMPProvider
1497460246223	addons.manager	DEBUG	Provider finished startup: GMPProvider
1497460246223	addons.manager	DEBUG	Starting provider: PluginProvider
1497460246224	addons.manager	DEBUG	Registering shutdown blocker for PluginProvider
1497460246224	addons.manager	DEBUG	Provider finished startup: PluginProvider
1497460246225	addons.manager	DEBUG	Completed startup sequence
1497460260054	addons.manager	DEBUG	Starting provider: &amp;lt;unnamed-provider&amp;gt;
1497460260054	addons.manager	DEBUG	Registering shutdown blocker for &amp;lt;unnamed-provider&amp;gt;
1497460260054	addons.manager	DEBUG	Provider finished startup: &amp;lt;unnamed-provider&amp;gt;
1497460260055	DeferredSave.extensions.json	DEBUG	Write succeeded
1497460260055	DeferredSave.extensions.json	DEBUG	Starting timer
1497460260099	DeferredSave.extensions.json	DEBUG	Starting write
1497460264847	addons.repository	DEBUG	No addons.json found.
1497460264848	DeferredSave.addons.json	DEBUG	Save changes
1497460264854	DeferredSave.addons.json	DEBUG	Starting timer
1497460266550	addons.manager	DEBUG	Starting provider: PreviousExperimentProvider
1497460266551	addons.manager	DEBUG	Registering shutdown blocker for PreviousExperimentProvider
1497460266552	addons.manager	DEBUG	Provider finished startup: PreviousExperimentProvider
1497460266561	DeferredSave.addons.json	DEBUG	Starting write
1497460266585	DeferredSave.extensions.json	DEBUG	Write succeeded
1497460266730	DeferredSave.addons.json	DEBUG	Write succeeded

Build info: version: &amp;apos;2.53.0&amp;apos;, revision: &amp;apos;35ae25b&amp;apos;, time: &amp;apos;2016-03-15 16:57:40&amp;apos;
System info: host: &amp;apos;DESKTOP-O06THGR&amp;apos;, ip: &amp;apos;192.168.0.10&amp;apos;, os.name: &amp;apos;Windows 10&amp;apos;, os.arch: &amp;apos;amd64&amp;apos;, os.version: &amp;apos;10.0&amp;apos;, java.version: &amp;apos;1.8.0_101&amp;apos;
Driver info: driver.version: FirefoxDriver">
      <![CDATA[org.openqa.selenium.WebDriverException: Failed to connect to binary FirefoxBinary(C:\Program Files (x86)\Mozilla Firefox\firefox.exe) on port 7055; process output follows: 
·¯çš„é˜²è­·ã€‚","creator":null,"homepageURL":null},{"locales":["zh_CN"],"name":"å�¡å·´æ–¯åŸºä¿�æŠ¤","description":"ä½¿ç”¨ Kaspersky Lab çš„æ‰©å±•åŠŸèƒ½å¯¹æ‚¨çš„äº’è�”ç½‘çš„ä¿�æŠ¤ã€‚","creator":null,"homepageURL":null},{"locales":["zh_HK"],"name":"å�¡å·´æ–¯åŸºé˜²è­·","description":"ä½¿ç”¨ Kaspersky Lab çš„å»¶ä¼¸åŠŸèƒ½å°�æ‚¨çš„ç¶²éš›ç¶²è·¯çš„é˜²è­·ã€‚","creator":null,"homepageURL":null},{"locales":["zh_TW"],"name":"å�¡å·´æ–¯åŸºé˜²è­·","description":"ä½¿ç”¨ Kaspersky Lab çš„å»¶ä¼¸åŠŸèƒ½å°�æ‚¨çš„ç¶²éš›ç¶²è·¯çš„é˜²è­·ã€‚","creator":null,"homepageURL":null}],"targetApplications":[{"id":"{ec8030f7-c20a-464f-9b0e-13a3a9e97384}","minVersion":"38.0a1","maxVersion":"43.0"}],"targetPlatforms":[],"multiprocessCompatible":false,"signedState":2,"seen":true,"dependencies":[],"hasEmbeddedWebExtension":false,"mpcOptedOut":false,"userPermissions":null}
1497460246088	DeferredSave.extensions.json	DEBUG	Save changes
1497460246088	addons.xpi	DEBUG	Updating database with changes to installed add-ons
1497460246088	addons.xpi-utils	DEBUG	Updating add-on states
1497460246090	addons.xpi-utils	DEBUG	Writing add-ons list
1497460246095	addons.xpi	DEBUG	Registering manifest for C:\Program Files (x86)\Mozilla Firefox\browser\features\aushelper@mozilla.org.xpi
1497460246096	addons.xpi	DEBUG	Calling bootstrap method startup on aushelper@mozilla.org version 2.0
1497460246097	addons.xpi	DEBUG	Registering manifest for C:\Program Files (x86)\Mozilla Firefox\browser\features\e10srollout@mozilla.org.xpi
1497460246099	addons.xpi	DEBUG	Calling bootstrap method startup on e10srollout@mozilla.org version 1.14
1497460246100	addons.xpi	DEBUG	Registering manifest for C:\Program Files (x86)\Mozilla Firefox\browser\features\firefox@getpocket.com.xpi
1497460246101	addons.xpi	DEBUG	Calling bootstrap method startup on firefox@getpocket.com version 1.0.5
1497460246103	addons.xpi	DEBUG	Registering manifest for C:\Program Files (x86)\Mozilla Firefox\browser\features\webcompat@mozilla.org.xpi
1497460246104	addons.xpi	DEBUG	Calling bootstrap method startup on webcompat@mozilla.org version 1.0
1497460246108	addons.manager	DEBUG	Registering shutdown blocker for XPIProvider
1497460246108	addons.manager	DEBUG	Provider finished startup: XPIProvider
1497460246108	addons.manager	DEBUG	Starting provider: LightweightThemeManager
1497460246108	addons.manager	DEBUG	Registering shutdown blocker for LightweightThemeManager
1497460246108	addons.manager	DEBUG	Provider finished startup: LightweightThemeManager
1497460246109	addons.manager	DEBUG	Starting provider: GMPProvider
1497460246223	addons.manager	DEBUG	Registering shutdown blocker for GMPProvider
1497460246223	addons.manager	DEBUG	Provider finished startup: GMPProvider
1497460246223	addons.manager	DEBUG	Starting provider: PluginProvider
1497460246224	addons.manager	DEBUG	Registering shutdown blocker for PluginProvider
1497460246224	addons.manager	DEBUG	Provider finished startup: PluginProvider
1497460246225	addons.manager	DEBUG	Completed startup sequence
1497460260054	addons.manager	DEBUG	Starting provider: <unnamed-provider>
1497460260054	addons.manager	DEBUG	Registering shutdown blocker for <unnamed-provider>
1497460260054	addons.manager	DEBUG	Provider finished startup: <unnamed-provider>
1497460260055	DeferredSave.extensions.json	DEBUG	Write succeeded
1497460260055	DeferredSave.extensions.json	DEBUG	Starting timer
1497460260099	DeferredSave.extensions.json	DEBUG	Starting write
1497460264847	addons.repository	DEBUG	No addons.json found.
1497460264848	DeferredSave.addons.json	DEBUG	Save changes
1497460264854	DeferredSave.addons.json	DEBUG	Starting timer
1497460266550	addons.manager	DEBUG	Starting provider: PreviousExperimentProvider
1497460266551	addons.manager	DEBUG	Registering shutdown blocker for PreviousExperimentProvider
1497460266552	addons.manager	DEBUG	Provider finished startup: PreviousExperimentProvider
1497460266561	DeferredSave.addons.json	DEBUG	Starting write
1497460266585	DeferredSave.extensions.json	DEBUG	Write succeeded
1497460266730	DeferredSave.addons.json	DEBUG	Write succeeded

Build info: version: '2.53.0', revision: '35ae25b', time: '2016-03-15 16:57:40'
System info: host: 'DESKTOP-O06THGR', ip: '192.168.0.10', os.name: 'Windows 10', os.arch: 'amd64', os.version: '10.0', java.version: '1.8.0_101'
Driver info: driver.version: FirefoxDriver
	at org.openqa.selenium.firefox.internal.NewProfileExtensionConnection.start(NewProfileExtensionConnection.java:124)
	at org.openqa.selenium.firefox.FirefoxDriver.startClient(FirefoxDriver.java:271)
	at org.openqa.selenium.remote.RemoteWebDriver.<init>(RemoteWebDriver.java:119)
	at org.openqa.selenium.firefox.FirefoxDriver.<init>(FirefoxDriver.java:218)
	at org.openqa.selenium.firefox.FirefoxDriver.<init>(FirefoxDriver.java:211)
	at org.openqa.selenium.firefox.FirefoxDriver.<init>(FirefoxDriver.java:207)
	at org.openqa.selenium.firefox.FirefoxDriver.<init>(FirefoxDriver.java:120)
	at maven_demo_project.CrossBrowserTesting.crossbrowsertest(CrossBrowserTesting.java:23)
	at java.util.concurrent.FutureTask.run(FutureTask.java:266)
	at java.util.concurrent.ThreadPoolExecutor.runWorker(ThreadPoolExecutor.java:1142)
	at java.util.concurrent.ThreadPoolExecutor$Worker.run(ThreadPoolExecutor.java:617)
	at java.lang.Thread.run(Thread.java:745)
Caused by: org.openqa.selenium.firefox.NotConnectedException: Unable to connect to host 127.0.0.1 on port 7055 after 45000 ms. Firefox console output:
·¯çš„é˜²è­·ã€‚","creator":null,"homepageURL":null},{"locales":["zh_CN"],"name":"å�¡å·´æ–¯åŸºä¿�æŠ¤","description":"ä½¿ç”¨ Kaspersky Lab çš„æ‰©å±•åŠŸèƒ½å¯¹æ‚¨çš„äº’è�”ç½‘çš„ä¿�æŠ¤ã€‚","creator":null,"homepageURL":null},{"locales":["zh_HK"],"name":"å�¡å·´æ–¯åŸºé˜²è­·","description":"ä½¿ç”¨ Kaspersky Lab çš„å»¶ä¼¸åŠŸèƒ½å°�æ‚¨çš„ç¶²éš›ç¶²è·¯çš„é˜²è­·ã€‚","creator":null,"homepageURL":null},{"locales":["zh_TW"],"name":"å�¡å·´æ–¯åŸºé˜²è­·","description":"ä½¿ç”¨ Kaspersky Lab çš„å»¶ä¼¸åŠŸèƒ½å°�æ‚¨çš„ç¶²éš›ç¶²è·¯çš„é˜²è­·ã€‚","creator":null,"homepageURL":null}],"targetApplications":[{"id":"{ec8030f7-c20a-464f-9b0e-13a3a9e97384}","minVersion":"38.0a1","maxVersion":"43.0"}],"targetPlatforms":[],"multiprocessCompatible":false,"signedState":2,"seen":true,"dependencies":[],"hasEmbeddedWebExtension":false,"mpcOptedOut":false,"userPermissions":null}
1497460246088	DeferredSave.extensions.json	DEBUG	Save changes
1497460246088	addons.xpi	DEBUG	Updating database with changes to installed add-ons
1497460246088	addons.xpi-utils	DEBUG	Updating add-on states
1497460246090	addons.xpi-utils	DEBUG	Writing add-ons list
1497460246095	addons.xpi	DEBUG	Registering manifest for C:\Program Files (x86)\Mozilla Firefox\browser\features\aushelper@mozilla.org.xpi
1497460246096	addons.xpi	DEBUG	Calling bootstrap method startup on aushelper@mozilla.org version 2.0
1497460246097	addons.xpi	DEBUG	Registering manifest for C:\Program Files (x86)\Mozilla Firefox\browser\features\e10srollout@mozilla.org.xpi
1497460246099	addons.xpi	DEBUG	Calling bootstrap method startup on e10srollout@mozilla.org version 1.14
1497460246100	addons.xpi	DEBUG	Registering manifest for C:\Program Files (x86)\Mozilla Firefox\browser\features\firefox@getpocket.com.xpi
1497460246101	addons.xpi	DEBUG	Calling bootstrap method startup on firefox@getpocket.com version 1.0.5
1497460246103	addons.xpi	DEBUG	Registering manifest for C:\Program Files (x86)\Mozilla Firefox\browser\features\webcompat@mozilla.org.xpi
1497460246104	addons.xpi	DEBUG	Calling bootstrap method startup on webcompat@mozilla.org version 1.0
1497460246108	addons.manager	DEBUG	Registering shutdown blocker for XPIProvider
1497460246108	addons.manager	DEBUG	Provider finished startup: XPIProvider
1497460246108	addons.manager	DEBUG	Starting provider: LightweightThemeManager
1497460246108	addons.manager	DEBUG	Registering shutdown blocker for LightweightThemeManager
1497460246108	addons.manager	DEBUG	Provider finished startup: LightweightThemeManager
1497460246109	addons.manager	DEBUG	Starting provider: GMPProvider
1497460246223	addons.manager	DEBUG	Registering shutdown blocker for GMPProvider
1497460246223	addons.manager	DEBUG	Provider finished startup: GMPProvider
1497460246223	addons.manager	DEBUG	Starting provider: PluginProvider
1497460246224	addons.manager	DEBUG	Registering shutdown blocker for PluginProvider
1497460246224	addons.manager	DEBUG	Provider finished startup: PluginProvider
1497460246225	addons.manager	DEBUG	Completed startup sequence
1497460260054	addons.manager	DEBUG	Starting provider: <unnamed-provider>
1497460260054	addons.manager	DEBUG	Registering shutdown blocker for <unnamed-provider>
1497460260054	addons.manager	DEBUG	Provider finished startup: <unnamed-provider>
1497460260055	DeferredSave.extensions.json	DEBUG	Write succeeded
1497460260055	DeferredSave.extensions.json	DEBUG	Starting timer
1497460260099	DeferredSave.extensions.json	DEBUG	Starting write
1497460264847	addons.repository	DEBUG	No addons.json found.
1497460264848	DeferredSave.addons.json	DEBUG	Save changes
1497460264854	DeferredSave.addons.json	DEBUG	Starting timer
1497460266550	addons.manager	DEBUG	Starting provider: PreviousExperimentProvider
1497460266551	addons.manager	DEBUG	Registering shutdown blocker for PreviousExperimentProvider
1497460266552	addons.manager	DEBUG	Provider finished startup: PreviousExperimentProvider
1497460266561	DeferredSave.addons.json	DEBUG	Starting write
1497460266585	DeferredSave.extensions.json	DEBUG	Write succeeded
1497460266730	DeferredSave.addons.json	DEBUG	Write succeeded

	at org.openqa.selenium.firefox.internal.NewProfileExtensionConnection.start(NewProfileExtensionConnection.java:112)
	... 27 more
... Removed 16 stack frames]]>
    </failure>
  </testcase> <!-- @BeforeClass crossbrowsertest -->
  <testcase name="crossbrowsertest" time="0.003" classname="maven_demo_project.CrossBrowserTesting">
    <skipped/>
  </testcase> <!-- crossbrowsertest -->
</testsuite> <!-- FirefoxTest -->
