<?xml version="1.0" encoding="UTF-8"?>
<testng-results skipped="0" failed="0" ignored="0" total="3" passed="3">
  <reporter-output>
  </reporter-output>
  <suite name="maven_demo_project.NewTest" duration-ms="97" started-at="2017-07-19T13:18:40Z" finished-at="2017-07-19T13:18:40Z">
    <groups>
    </groups>
    <test name="Command line test" duration-ms="97" started-at="2017-07-19T13:18:40Z" finished-at="2017-07-19T13:18:40Z">
      <class name="maven_demo_project.NewTest">
        <test-method status="PASS" signature="beforeClass()[pri:0, instance:maven_demo_project.NewTest@1d057a39]" name="beforeClass" is-config="true" duration-ms="21" started-at="2017-07-19T14:18:40Z" finished-at="2017-07-19T14:18:40Z">
          <reporter-output>
          </reporter-output>
        </test-method> <!-- beforeClass -->
        <test-method status="PASS" signature="beforeMethod()[pri:0, instance:maven_demo_project.NewTest@1d057a39]" name="beforeMethod" is-config="true" duration-ms="1" started-at="2017-07-19T14:18:40Z" finished-at="2017-07-19T14:18:40Z">
          <reporter-output>
          </reporter-output>
        </test-method> <!-- beforeMethod -->
        <test-method status="PASS" signature="m1()[pri:0, instance:maven_demo_project.NewTest@1d057a39]" name="m1" duration-ms="1" started-at="2017-07-19T14:18:40Z" finished-at="2017-07-19T14:18:40Z">
          <reporter-output>
          </reporter-output>
        </test-method> <!-- m1 -->
        <test-method status="PASS" signature="afterMethod()[pri:0, instance:maven_demo_project.NewTest@1d057a39]" name="afterMethod" is-config="true" duration-ms="2" started-at="2017-07-19T14:18:40Z" finished-at="2017-07-19T14:18:40Z">
          <reporter-output>
          </reporter-output>
        </test-method> <!-- afterMethod -->
        <test-method status="PASS" signature="beforeMethod()[pri:0, instance:maven_demo_project.NewTest@1d057a39]" name="beforeMethod" is-config="true" duration-ms="1" started-at="2017-07-19T14:18:40Z" finished-at="2017-07-19T14:18:40Z">
          <reporter-output>
          </reporter-output>
        </test-method> <!-- beforeMethod -->
        <test-method status="PASS" signature="m2()[pri:0, instance:maven_demo_project.NewTest@1d057a39]" name="m2" duration-ms="0" started-at="2017-07-19T14:18:40Z" finished-at="2017-07-19T14:18:40Z">
          <reporter-output>
          </reporter-output>
        </test-method> <!-- m2 -->
        <test-method status="PASS" signature="afterMethod()[pri:0, instance:maven_demo_project.NewTest@1d057a39]" name="afterMethod" is-config="true" duration-ms="1" started-at="2017-07-19T14:18:40Z" finished-at="2017-07-19T14:18:40Z">
          <reporter-output>
          </reporter-output>
        </test-method> <!-- afterMethod -->
        <test-method status="PASS" signature="beforeMethod()[pri:0, instance:maven_demo_project.NewTest@1d057a39]" name="beforeMethod" is-config="true" duration-ms="1" started-at="2017-07-19T14:18:40Z" finished-at="2017-07-19T14:18:40Z">
          <reporter-output>
          </reporter-output>
        </test-method> <!-- beforeMethod -->
        <test-method status="PASS" signature="m3()[pri:0, instance:maven_demo_project.NewTest@1d057a39]" name="m3" duration-ms="0" started-at="2017-07-19T14:18:40Z" finished-at="2017-07-19T14:18:40Z">
          <reporter-output>
          </reporter-output>
        </test-method> <!-- m3 -->
        <test-method status="PASS" signature="afterMethod()[pri:0, instance:maven_demo_project.NewTest@1d057a39]" name="afterMethod" is-config="true" duration-ms="1" started-at="2017-07-19T14:18:40Z" finished-at="2017-07-19T14:18:40Z">
          <reporter-output>
          </reporter-output>
        </test-method> <!-- afterMethod -->
        <test-method status="PASS" signature="afterClass()[pri:0, instance:maven_demo_project.NewTest@1d057a39]" name="afterClass" is-config="true" duration-ms="0" started-at="2017-07-19T14:18:40Z" finished-at="2017-07-19T14:18:40Z">
          <reporter-output>
          </reporter-output>
        </test-method> <!-- afterClass -->
      </class> <!-- maven_demo_project.NewTest -->
    </test> <!-- Command line test -->
  </suite> <!-- maven_demo_project.NewTest -->
</testng-results>
